c:\users\robperr3\source\repos\perry's_sorting_v1\perry's_sorting_v1\debug\perry's_sorting_v1.pch
c:\users\robperr3\source\repos\perry's_sorting_v1\perry's_sorting_v1\debug\vc141.pdb
c:\users\robperr3\source\repos\perry's_sorting_v1\perry's_sorting_v1\debug\vc141.idb
c:\users\robperr3\source\repos\perry's_sorting_v1\perry's_sorting_v1\debug\pch.obj
e:\programming\c++\perry's_sorting_v1\perry's_sorting_v1\debug\perry's_sorting_v1.pch
e:\programming\c++\perry's_sorting_v1\perry's_sorting_v1\debug\vc141.pdb
e:\programming\c++\perry's_sorting_v1\perry's_sorting_v1\debug\vc141.idb
e:\programming\c++\perry's_sorting_v1\perry's_sorting_v1\debug\pch.obj
c:\users\robperr3\source\repos\perry's_sorting_v1\debug\perry's_sorting_v1.exe
c:\users\robperr3\source\repos\perry's_sorting_v1\debug\perry's_sorting_v1.ilk
c:\users\robperr3\source\repos\perry's_sorting_v1\debug\perry's_sorting_v1.pdb
e:\programming\c++\perry's_sorting_v1\debug\perry's_sorting_v1.exe
e:\programming\c++\perry's_sorting_v1\debug\perry's_sorting_v1.ilk
e:\programming\c++\perry's_sorting_v1\debug\perry's_sorting_v1.pdb
e:\programming\c++\perry's_sorting_v1\perry's_sorting_v1\debug\perry's_.ad9d72f8.tlog\cl.command.1.tlog
e:\programming\c++\perry's_sorting_v1\perry's_sorting_v1\debug\perry's_.ad9d72f8.tlog\cl.read.1.tlog
e:\programming\c++\perry's_sorting_v1\perry's_sorting_v1\debug\perry's_.ad9d72f8.tlog\cl.write.1.tlog
e:\programming\c++\perry's_sorting_v1\perry's_sorting_v1\debug\perry's_.ad9d72f8.tlog\link.command.1.tlog
e:\programming\c++\perry's_sorting_v1\perry's_sorting_v1\debug\perry's_.ad9d72f8.tlog\link.write.1.tlog
e:\programming\c++\perry's_sorting_v1\perry's_sorting_v1\debug\perry's_.ad9d72f8.tlog\link.read.1.tlog
